<?xml version="1.0" encoding="UTF-8"?>
<robot generated="20171004 09:58:39.521" generator="Robot 3.0.2 (Python 2.7.6 on linux2)">
<suite source="/home/anhvd/Downloads/WebDemo/my_login_tests/invalid_login.robot" id="s1" name="Invalid Login">
<test id="s1-t1" name="Invalid Username">
<kw type="setup" name="Open Browser To Login Page" library="resource">
<kw name="Create Webdriver" library="Selenium2Library">
<doc>Creates an instance of a WebDriver.</doc>
<arguments>
<arg>${BROWSER}</arg>
<arg>executable_path=${PATH DICT["${BROWSER}"]}</arg>
</arguments>
<msg timestamp="20171004 09:58:39.586" level="INFO">Creating an instance of the Chrome WebDriver</msg>
<kw name="Capture Page Screenshot" library="Selenium2Library">
<doc>Takes a screenshot of the current page and embeds it into the log.</doc>
<msg timestamp="20171004 09:58:39.591" level="FAIL">No browser is open</msg>
<status status="FAIL" endtime="20171004 09:58:39.591" starttime="20171004 09:58:39.590"></status>
</kw>
<msg timestamp="20171004 09:58:39.591" level="WARN">Keyword 'Capture Page Screenshot' could not be run on failure: No browser is open</msg>
<msg timestamp="20171004 09:58:39.592" level="FAIL">WebDriverException: Message: 'chromedriver' executable needs to be in PATH. Please see https://sites.google.com/a/chromium.org/chromedriver/home
</msg>
<status status="FAIL" endtime="20171004 09:58:39.592" starttime="20171004 09:58:39.585"></status>
</kw>
<status status="FAIL" endtime="20171004 09:58:39.592" starttime="20171004 09:58:39.585"></status>
</kw>
<kw type="teardown" name="Close Browser" library="Selenium2Library">
<doc>Closes the current browser.</doc>
<status status="PASS" endtime="20171004 09:58:39.592" starttime="20171004 09:58:39.592"></status>
</kw>
<tags>
<tag>invalid-login</tag>
<tag>invalid-username</tag>
</tags>
<status status="FAIL" endtime="20171004 09:58:39.592" critical="yes" starttime="20171004 09:58:39.585">Setup failed:
WebDriverException: Message: 'chromedriver' executable needs to be in PATH. Please see https://sites.google.com/a/chromium.org/chromedriver/home
</status>
</test>
<doc>A test suite containing tests related to invalid login.</doc>
<status status="FAIL" endtime="20171004 09:58:39.593" starttime="20171004 09:58:39.522"></status>
</suite>
<statistics>
<total>
<stat fail="1" pass="0">Critical Tests</stat>
<stat fail="1" pass="0">All Tests</stat>
</total>
<tag>
<stat fail="1" pass="0">invalid-login</stat>
<stat fail="1" pass="0">invalid-username</stat>
</tag>
<suite>
<stat fail="1" id="s1" name="Invalid Login" pass="0">Invalid Login</stat>
</suite>
</statistics>
<errors>
<msg timestamp="20171004 09:58:39.591" level="WARN">Keyword 'Capture Page Screenshot' could not be run on failure: No browser is open</msg>
</errors>
</robot>
